{"level":"info","message":"contracts/Donations.sol/Donations:start: 1674303722.372"}
{"level":"info","message":"1674303797.485:reentrancy:deposit()->deposit()->withdraw()->deposit()"}
{"level":"info","message":"1674303797.524:reentrancy:deposit()->deposit()->withdraw()->deposit()"}
{"level":"info","message":"1674303800.793:reentrancy:deposit()->deposit()->withdraw()->withdraw()->deposit()"}
{"level":"info","message":"1674303800.856:reentrancy:deposit()->deposit()->withdraw()->withdraw()->deposit()"}
{"level":"info","message":"1674303800.901:reentrancy:deposit()->deposit()->withdraw()->withdraw()->deposit()"}
{"level":"info","message":"1674303804.175:reentrancy:deposit()->deposit()->deposit()->withdraw()->withdraw()->deposit()"}
{"level":"info","message":"1674303804.218:reentrancy:deposit()->deposit()->deposit()->withdraw()->withdraw()->deposit()"}
{"level":"info","message":"1674303804.251:reentrancy:deposit()->deposit()->deposit()->withdraw()->withdraw()->deposit()"}
{"level":"info","message":"1674303807.74:reentrancy:deposit()->deposit()->deposit()->withdraw()->withdraw()->deposit()"}
{"level":"info","message":"1674303807.782:reentrancy:deposit()->deposit()->deposit()->withdraw()->withdraw()->deposit()"}
{"level":"info","message":"1674303807.819:reentrancy:deposit()->deposit()->deposit()->withdraw()->withdraw()->deposit()"}
{"level":"info","message":"1674303811.13:reentrancy:deposit()->deposit()->withdraw()->deposit()->deposit()"}
{"level":"info","message":"1674303811.168:reentrancy:deposit()->deposit()->withdraw()->deposit()->deposit()"}
{"level":"info","message":"1674303811.21:reentrancy:deposit()->deposit()->withdraw()->deposit()->deposit()"}
{"level":"info","message":"1674303814.599:reentrancy:deposit()->deposit()->withdraw()->deposit()->deposit()"}
{"level":"info","message":"1674303814.648:reentrancy:deposit()->deposit()->withdraw()->deposit()->deposit()"}
{"level":"info","message":"1674303814.685:reentrancy:deposit()->deposit()->withdraw()->deposit()->deposit()"}
{"level":"info","message":"1674303835.727:reentrancy:deposit()->withdraw()->deposit()->deposit()"}
{"level":"info","message":"1674303835.763:reentrancy:deposit()->withdraw()->deposit()->deposit()"}
{"level":"info","message":"1674303835.795:reentrancy:deposit()->withdraw()->deposit()->deposit()"}
{"level":"info","message":"1674303839.329:reentrancy:deposit()->deposit()->withdraw()->deposit()"}
{"level":"info","message":"1674303839.365:reentrancy:deposit()->deposit()->withdraw()->deposit()"}
{"level":"info","message":"1674303842.88:reentrancy:deposit()->deposit()->deposit()->withdraw()"}
{"level":"info","message":"1674303857.111:reentrancy:deposit()->withdraw()->deposit()->deposit()->deposit()"}
{"level":"info","message":"1674303857.141:reentrancy:deposit()->withdraw()->deposit()->deposit()->deposit()"}
{"level":"info","message":"1674303857.176:reentrancy:deposit()->withdraw()->deposit()->deposit()->deposit()"}
{"level":"info","message":"1674303857.208:reentrancy:deposit()->withdraw()->deposit()->deposit()->deposit()"}
{"level":"info","message":"1674303860.915:reentrancy:deposit()->withdraw()->deposit()->deposit()->deposit()"}
{"level":"info","message":"1674303860.951:reentrancy:deposit()->withdraw()->deposit()->deposit()->deposit()"}
{"level":"info","message":"1674303860.985:reentrancy:deposit()->withdraw()->deposit()->deposit()->deposit()"}
{"level":"info","message":"1674303861.019:reentrancy:deposit()->withdraw()->deposit()->deposit()->deposit()"}
{"level":"info","message":"1674303864.605:reentrancy:deposit()->withdraw()->deposit()->deposit()->deposit()"}
{"level":"info","message":"1674303864.646:reentrancy:deposit()->withdraw()->deposit()->deposit()->deposit()"}
{"level":"info","message":"1674303864.678:reentrancy:deposit()->withdraw()->deposit()->deposit()->deposit()"}
{"level":"info","message":"1674303864.709:reentrancy:deposit()->withdraw()->deposit()->deposit()->deposit()"}
{"level":"info","message":"1674303868.22:reentrancy:deposit()->withdraw()->deposit()->deposit()"}
{"level":"info","message":"1674303868.251:reentrancy:deposit()->withdraw()->deposit()->deposit()"}
{"level":"info","message":"1674303868.286:reentrancy:deposit()->withdraw()->deposit()->deposit()"}
{"level":"info","message":"contracts/EtherBank.sol/EtherBank:start: 1674303934.781"}
{"level":"info","message":"contracts/EtherBank.sol/EtherBank:start: 1674304070.412"}
{"level":"info","message":"1674304199.105:reentrancy:addToBalance()->withdrawBalance()->addToBalance()"}
{"level":"info","message":"1674304199.143:reentrancy:addToBalance()->withdrawBalance()->addToBalance()"}
{"level":"info","message":"1674304202.425:reentrancy:addToBalance()->withdrawBalance()->withdrawBalance()->addToBalance()"}
{"level":"info","message":"1674304202.463:reentrancy:addToBalance()->withdrawBalance()->withdrawBalance()->addToBalance()"}
{"level":"info","message":"1674304202.495:reentrancy:addToBalance()->withdrawBalance()->withdrawBalance()->addToBalance()"}
{"level":"info","message":"1674304205.856:reentrancy:addToBalance()->withdrawBalance()->withdrawBalance()->addToBalance()"}
{"level":"info","message":"1674304205.897:reentrancy:addToBalance()->withdrawBalance()->withdrawBalance()->addToBalance()"}
{"level":"info","message":"1674304205.925:reentrancy:addToBalance()->withdrawBalance()->withdrawBalance()->addToBalance()"}
{"level":"info","message":"1674304209.315:reentrancy:addToBalance()->withdrawBalance()->withdrawBalance()->addToBalance()"}
{"level":"info","message":"1674304209.351:reentrancy:addToBalance()->withdrawBalance()->withdrawBalance()->addToBalance()"}
{"level":"info","message":"1674304209.399:reentrancy:addToBalance()->withdrawBalance()->withdrawBalance()->addToBalance()"}
{"level":"info","message":"1674304212.825:reentrancy:addToBalance()->withdrawBalance()->withdrawBalance()->addToBalance()"}
{"level":"info","message":"1674304212.861:reentrancy:addToBalance()->withdrawBalance()->withdrawBalance()->addToBalance()"}
{"level":"info","message":"1674304212.893:reentrancy:addToBalance()->withdrawBalance()->withdrawBalance()->addToBalance()"}
{"level":"info","message":"1674304216.276:reentrancy:addToBalance()->withdrawBalance()->withdrawBalance()->addToBalance()"}
{"level":"info","message":"1674304216.319:reentrancy:addToBalance()->withdrawBalance()->withdrawBalance()->addToBalance()"}
{"level":"info","message":"1674304216.35:reentrancy:addToBalance()->withdrawBalance()->withdrawBalance()->addToBalance()"}
{"level":"info","message":"1674304219.747:reentrancy:addToBalance()->withdrawBalance()->withdrawBalance()->addToBalance()->withdrawBalance()"}
{"level":"info","message":"1674304219.787:reentrancy:addToBalance()->withdrawBalance()->withdrawBalance()->addToBalance()->withdrawBalance()"}
{"level":"info","message":"1674304219.819:reentrancy:addToBalance()->withdrawBalance()->withdrawBalance()->addToBalance()->withdrawBalance()"}
{"level":"info","message":"1674304219.865:reentrancy:addToBalance()->withdrawBalance()->withdrawBalance()->addToBalance()->withdrawBalance()"}
{"level":"info","message":"1674304223.36:reentrancy:addToBalance()->withdrawBalance()->withdrawBalance()->addToBalance()->withdrawBalance()"}
{"level":"info","message":"1674304223.403:reentrancy:addToBalance()->withdrawBalance()->withdrawBalance()->addToBalance()->withdrawBalance()"}
{"level":"info","message":"1674304223.43:reentrancy:addToBalance()->withdrawBalance()->withdrawBalance()->addToBalance()->withdrawBalance()"}
{"level":"info","message":"1674304223.479:reentrancy:addToBalance()->withdrawBalance()->withdrawBalance()->addToBalance()->withdrawBalance()"}
{"level":"info","message":"1674304226.939:reentrancy:addToBalance()->withdrawBalance()->withdrawBalance()->addToBalance()->withdrawBalance()"}
{"level":"info","message":"1674304226.981:reentrancy:addToBalance()->withdrawBalance()->withdrawBalance()->addToBalance()->withdrawBalance()"}
{"level":"info","message":"1674304227.025:reentrancy:addToBalance()->withdrawBalance()->withdrawBalance()->addToBalance()->withdrawBalance()"}
{"level":"info","message":"1674304227.077:reentrancy:addToBalance()->withdrawBalance()->withdrawBalance()->addToBalance()->withdrawBalance()"}
{"level":"info","message":"1674304230.678:reentrancy:addToBalance()->withdrawBalance()->withdrawBalance()->addToBalance()->withdrawBalance()"}
{"level":"info","message":"1674304230.718:reentrancy:addToBalance()->withdrawBalance()->withdrawBalance()->addToBalance()->withdrawBalance()"}
{"level":"info","message":"1674304230.746:reentrancy:addToBalance()->withdrawBalance()->withdrawBalance()->addToBalance()->withdrawBalance()"}
{"level":"info","message":"1674304230.794:reentrancy:addToBalance()->withdrawBalance()->withdrawBalance()->addToBalance()->withdrawBalance()"}
{"level":"info","message":"1674304234.291:reentrancy:addToBalance()->addToBalance()->withdrawBalance()->withdrawBalance()"}
{"level":"info","message":"1674304234.345:reentrancy:addToBalance()->addToBalance()->withdrawBalance()->withdrawBalance()"}
{"level":"info","message":"1674304237.743:reentrancy:addToBalance()->addToBalance()->withdrawBalance()->withdrawBalance()"}
{"level":"info","message":"1674304237.788:reentrancy:addToBalance()->addToBalance()->withdrawBalance()->withdrawBalance()"}
{"level":"info","message":"1674304241.297:reentrancy:addToBalance()->addToBalance()->withdrawBalance()->withdrawBalance()->withdrawBalance()"}
{"level":"info","message":"1674304241.351:reentrancy:addToBalance()->addToBalance()->withdrawBalance()->withdrawBalance()->withdrawBalance()"}
{"level":"info","message":"1674304241.388:reentrancy:addToBalance()->addToBalance()->withdrawBalance()->withdrawBalance()->withdrawBalance()"}
{"level":"info","message":"1674304244.904:reentrancy:addToBalance()->addToBalance()->withdrawBalance()->withdrawBalance()->withdrawBalance()"}
{"level":"info","message":"1674304244.944:reentrancy:addToBalance()->addToBalance()->withdrawBalance()->withdrawBalance()->withdrawBalance()"}
{"level":"info","message":"1674304244.983:reentrancy:addToBalance()->addToBalance()->withdrawBalance()->withdrawBalance()->withdrawBalance()"}
{"level":"info","message":"1674304248.522:reentrancy:addToBalance()->withdrawBalance()->withdrawBalance()->withdrawBalance()"}
{"level":"info","message":"1674304248.568:reentrancy:addToBalance()->withdrawBalance()->withdrawBalance()->withdrawBalance()"}
{"level":"info","message":"1674304248.611:reentrancy:addToBalance()->withdrawBalance()->withdrawBalance()->withdrawBalance()"}
{"level":"info","message":"1674304252.125:reentrancy:addToBalance()->withdrawBalance()->withdrawBalance()->withdrawBalance()"}
{"level":"info","message":"1674304252.166:reentrancy:addToBalance()->withdrawBalance()->withdrawBalance()->withdrawBalance()"}
{"level":"info","message":"1674304252.212:reentrancy:addToBalance()->withdrawBalance()->withdrawBalance()->withdrawBalance()"}
{"level":"info","message":"1674304255.656:reentrancy:addToBalance()->withdrawBalance()->withdrawBalance()->withdrawBalance()"}
{"level":"info","message":"1674304255.7:reentrancy:addToBalance()->withdrawBalance()->withdrawBalance()->withdrawBalance()"}
{"level":"info","message":"1674304255.735:reentrancy:addToBalance()->withdrawBalance()->withdrawBalance()->withdrawBalance()"}
{"level":"info","message":"1674304259.204:reentrancy:addToBalance()->withdrawBalance()->withdrawBalance()->withdrawBalance()"}
{"level":"info","message":"1674304259.243:reentrancy:addToBalance()->withdrawBalance()->withdrawBalance()->withdrawBalance()"}
{"level":"info","message":"1674304259.278:reentrancy:addToBalance()->withdrawBalance()->withdrawBalance()->withdrawBalance()"}
{"level":"info","message":"1674304262.865:reentrancy:addToBalance()->withdrawBalance()->withdrawBalance()->withdrawBalance()->withdrawBalance()"}
{"level":"info","message":"1674304262.908:reentrancy:addToBalance()->withdrawBalance()->withdrawBalance()->withdrawBalance()->withdrawBalance()"}
{"level":"info","message":"1674304262.944:reentrancy:addToBalance()->withdrawBalance()->withdrawBalance()->withdrawBalance()->withdrawBalance()"}
{"level":"info","message":"1674304262.982:reentrancy:addToBalance()->withdrawBalance()->withdrawBalance()->withdrawBalance()->withdrawBalance()"}
{"level":"info","message":"1674304266.576:reentrancy:addToBalance()->withdrawBalance()->withdrawBalance()->withdrawBalance()->withdrawBalance()"}
{"level":"info","message":"1674304266.617:reentrancy:addToBalance()->withdrawBalance()->withdrawBalance()->withdrawBalance()->withdrawBalance()"}
{"level":"info","message":"1674304266.678:reentrancy:addToBalance()->withdrawBalance()->withdrawBalance()->withdrawBalance()->withdrawBalance()"}
{"level":"info","message":"1674304266.722:reentrancy:addToBalance()->withdrawBalance()->withdrawBalance()->withdrawBalance()->withdrawBalance()"}
{"level":"info","message":"1674304270.34:reentrancy:addToBalance()->addToBalance()->withdrawBalance()->withdrawBalance()->withdrawBalance()->withdrawBalance()"}
{"level":"info","message":"1674304270.378:reentrancy:addToBalance()->addToBalance()->withdrawBalance()->withdrawBalance()->withdrawBalance()->withdrawBalance()"}
{"level":"info","message":"1674304270.417:reentrancy:addToBalance()->addToBalance()->withdrawBalance()->withdrawBalance()->withdrawBalance()->withdrawBalance()"}
{"level":"info","message":"1674304270.457:reentrancy:addToBalance()->addToBalance()->withdrawBalance()->withdrawBalance()->withdrawBalance()->withdrawBalance()"}
{"level":"info","message":"contracts/Reentrance.sol/Reentrance:start: 1674304270.462"}
{"level":"info","message":"contracts/Reentrance.sol/Reentrance:start: 1674304677.903"}
{"level":"info","message":"1674304771.068:reentrancy:donate(address)->donate(address)->withdraw(uint256)"}
{"level":"info","message":"1674304778.558:reentrancy:donate(address)->donate(address)->donate(address)->donate(address)->withdraw(uint256)"}
{"level":"info","message":"1674304782.14:reentrancy:donate(address)->donate(address)->withdraw(uint256)"}
{"level":"info","message":"1674304792.628:reentrancy:donate(address)->withdraw(uint256)->donate(address)->withdraw(uint256)"}
{"level":"info","message":"1674304792.667:reentrancy:donate(address)->withdraw(uint256)->donate(address)->withdraw(uint256)"}
{"level":"info","message":"1674304792.716:reentrancy:donate(address)->withdraw(uint256)->donate(address)->withdraw(uint256)"}
{"level":"info","message":"1674304820.093:reentrancy:donate(address)->donate(address)->donate(address)->withdraw(uint256)->withdraw(uint256)"}
{"level":"info","message":"1674304820.136:reentrancy:donate(address)->donate(address)->donate(address)->withdraw(uint256)->withdraw(uint256)"}
{"level":"info","message":"1674304828.125:reentrancy:donate(address)->donate(address)->donate(address)->withdraw(uint256)->withdraw(uint256)"}
{"level":"info","message":"1674304828.164:reentrancy:donate(address)->donate(address)->donate(address)->withdraw(uint256)->withdraw(uint256)"}
{"level":"info","message":"1674304842.889:reentrancy:donate(address)->donate(address)->donate(address)->withdraw(uint256)->donate(address)"}
{"level":"info","message":"1674304842.92:reentrancy:donate(address)->donate(address)->donate(address)->withdraw(uint256)->donate(address)"}
{"level":"info","message":"contracts/reentrancy_cross_func.sol/Reentrancy_cross_function:start: 1674304896.566"}
{"level":"info","message":"contracts/reentrancy_cross_func.sol/Reentrancy_cross_function:start: 1674305064.811"}
{"level":"info","message":"1674305182.025:reentrancy:transfer(address,uint256)->withdrawBalance()->transfer(address,uint256)"}
{"level":"info","message":"1674305182.061:reentrancy:transfer(address,uint256)->withdrawBalance()->transfer(address,uint256)"}
{"level":"info","message":"1674305185.202:reentrancy:transfer(address,uint256)->withdrawBalance()->withdrawBalance()->transfer(address,uint256)"}
{"level":"info","message":"1674305185.244:reentrancy:transfer(address,uint256)->withdrawBalance()->withdrawBalance()->transfer(address,uint256)"}
{"level":"info","message":"1674305185.282:reentrancy:transfer(address,uint256)->withdrawBalance()->withdrawBalance()->transfer(address,uint256)"}
{"level":"info","message":"1674305188.525:reentrancy:transfer(address,uint256)->transfer(address,uint256)->withdrawBalance()"}
{"level":"info","message":"1674305191.643:reentrancy:transfer(address,uint256)->withdrawBalance()"}
{"level":"info","message":"1674305194.87:reentrancy:transfer(address,uint256)->withdrawBalance()"}
{"level":"info","message":"1674305198.105:reentrancy:transfer(address,uint256)->withdrawBalance()->withdrawBalance()->withdrawBalance()"}
{"level":"info","message":"1674305198.143:reentrancy:transfer(address,uint256)->withdrawBalance()->withdrawBalance()->withdrawBalance()"}
{"level":"info","message":"1674305198.186:reentrancy:transfer(address,uint256)->withdrawBalance()->withdrawBalance()->withdrawBalance()"}
{"level":"info","message":"1674305201.479:reentrancy:transfer(address,uint256)->withdrawBalance()->withdrawBalance()->withdrawBalance()"}
{"level":"info","message":"1674305201.52:reentrancy:transfer(address,uint256)->withdrawBalance()->withdrawBalance()->withdrawBalance()"}
{"level":"info","message":"1674305201.564:reentrancy:transfer(address,uint256)->withdrawBalance()->withdrawBalance()->withdrawBalance()"}
{"level":"info","message":"1674305204.754:reentrancy:transfer(address,uint256)->withdrawBalance()->withdrawBalance()->withdrawBalance()"}
{"level":"info","message":"1674305204.792:reentrancy:transfer(address,uint256)->withdrawBalance()->withdrawBalance()->withdrawBalance()"}
{"level":"info","message":"1674305204.833:reentrancy:transfer(address,uint256)->withdrawBalance()->withdrawBalance()->withdrawBalance()"}
{"level":"info","message":"1674305208.005:reentrancy:transfer(address,uint256)->withdrawBalance()->withdrawBalance()->withdrawBalance()->withdrawBalance()"}
{"level":"info","message":"1674305208.05:reentrancy:transfer(address,uint256)->withdrawBalance()->withdrawBalance()->withdrawBalance()->withdrawBalance()"}
{"level":"info","message":"1674305208.109:reentrancy:transfer(address,uint256)->withdrawBalance()->withdrawBalance()->withdrawBalance()->withdrawBalance()"}
{"level":"info","message":"1674305208.145:reentrancy:transfer(address,uint256)->withdrawBalance()->withdrawBalance()->withdrawBalance()->withdrawBalance()"}
{"level":"info","message":"1674305211.54:reentrancy:transfer(address,uint256)->withdrawBalance()->withdrawBalance()->withdrawBalance()->withdrawBalance()"}
{"level":"info","message":"1674305211.576:reentrancy:transfer(address,uint256)->withdrawBalance()->withdrawBalance()->withdrawBalance()->withdrawBalance()"}
{"level":"info","message":"1674305211.617:reentrancy:transfer(address,uint256)->withdrawBalance()->withdrawBalance()->withdrawBalance()->withdrawBalance()"}
{"level":"info","message":"1674305211.658:reentrancy:transfer(address,uint256)->withdrawBalance()->withdrawBalance()->withdrawBalance()->withdrawBalance()"}
{"level":"info","message":"1674305214.916:reentrancy:transfer(address,uint256)->withdrawBalance()->withdrawBalance()->withdrawBalance()"}
{"level":"info","message":"1674305214.953:reentrancy:transfer(address,uint256)->withdrawBalance()->withdrawBalance()->withdrawBalance()"}
{"level":"info","message":"1674305214.996:reentrancy:transfer(address,uint256)->withdrawBalance()->withdrawBalance()->withdrawBalance()"}
{"level":"info","message":"1674305218.343:reentrancy:transfer(address,uint256)->transfer(address,uint256)->withdrawBalance()->withdrawBalance()->withdrawBalance()"}
{"level":"info","message":"1674305218.391:reentrancy:transfer(address,uint256)->transfer(address,uint256)->withdrawBalance()->withdrawBalance()->withdrawBalance()"}
{"level":"info","message":"1674305218.45:reentrancy:transfer(address,uint256)->transfer(address,uint256)->withdrawBalance()->withdrawBalance()->withdrawBalance()"}
{"level":"info","message":"1674305221.634:reentrancy:transfer(address,uint256)->transfer(address,uint256)->withdrawBalance()->withdrawBalance()->withdrawBalance()"}
{"level":"info","message":"1674305221.67:reentrancy:transfer(address,uint256)->transfer(address,uint256)->withdrawBalance()->withdrawBalance()->withdrawBalance()"}
{"level":"info","message":"1674305221.71:reentrancy:transfer(address,uint256)->transfer(address,uint256)->withdrawBalance()->withdrawBalance()->withdrawBalance()"}
{"level":"info","message":"1674305224.946:reentrancy:transfer(address,uint256)->withdrawBalance()->withdrawBalance()->withdrawBalance()->withdrawBalance()->transfer(address,uint256)"}
{"level":"info","message":"1674305224.987:reentrancy:transfer(address,uint256)->withdrawBalance()->withdrawBalance()->withdrawBalance()->withdrawBalance()->transfer(address,uint256)"}
{"level":"info","message":"1674305225.032:reentrancy:transfer(address,uint256)->withdrawBalance()->withdrawBalance()->withdrawBalance()->withdrawBalance()->transfer(address,uint256)"}
{"level":"info","message":"1674305225.075:reentrancy:transfer(address,uint256)->withdrawBalance()->withdrawBalance()->withdrawBalance()->withdrawBalance()->transfer(address,uint256)"}
{"level":"info","message":"1674305225.105:reentrancy:transfer(address,uint256)->withdrawBalance()->withdrawBalance()->withdrawBalance()->withdrawBalance()->transfer(address,uint256)"}
{"level":"info","message":"1674305228.293:reentrancy:transfer(address,uint256)->withdrawBalance()->withdrawBalance()->withdrawBalance()->withdrawBalance()->transfer(address,uint256)"}
{"level":"info","message":"1674305228.33:reentrancy:transfer(address,uint256)->withdrawBalance()->withdrawBalance()->withdrawBalance()->withdrawBalance()->transfer(address,uint256)"}
{"level":"info","message":"1674305228.384:reentrancy:transfer(address,uint256)->withdrawBalance()->withdrawBalance()->withdrawBalance()->withdrawBalance()->transfer(address,uint256)"}
{"level":"info","message":"1674305228.435:reentrancy:transfer(address,uint256)->withdrawBalance()->withdrawBalance()->withdrawBalance()->withdrawBalance()->transfer(address,uint256)"}
{"level":"info","message":"1674305228.468:reentrancy:transfer(address,uint256)->withdrawBalance()->withdrawBalance()->withdrawBalance()->withdrawBalance()->transfer(address,uint256)"}
{"level":"info","message":"1674305231.664:reentrancy:transfer(address,uint256)->withdrawBalance()->withdrawBalance()->withdrawBalance()->withdrawBalance()->transfer(address,uint256)"}
{"level":"info","message":"1674305231.7:reentrancy:transfer(address,uint256)->withdrawBalance()->withdrawBalance()->withdrawBalance()->withdrawBalance()->transfer(address,uint256)"}
{"level":"info","message":"1674305231.739:reentrancy:transfer(address,uint256)->withdrawBalance()->withdrawBalance()->withdrawBalance()->withdrawBalance()->transfer(address,uint256)"}
{"level":"info","message":"1674305231.778:reentrancy:transfer(address,uint256)->withdrawBalance()->withdrawBalance()->withdrawBalance()->withdrawBalance()->transfer(address,uint256)"}
{"level":"info","message":"1674305231.808:reentrancy:transfer(address,uint256)->withdrawBalance()->withdrawBalance()->withdrawBalance()->withdrawBalance()->transfer(address,uint256)"}
{"level":"info","message":"1674305235.108:reentrancy:transfer(address,uint256)->withdrawBalance()->withdrawBalance()->withdrawBalance()->withdrawBalance()->transfer(address,uint256)"}
{"level":"info","message":"1674305235.161:reentrancy:transfer(address,uint256)->withdrawBalance()->withdrawBalance()->withdrawBalance()->withdrawBalance()->transfer(address,uint256)"}
{"level":"info","message":"1674305235.21:reentrancy:transfer(address,uint256)->withdrawBalance()->withdrawBalance()->withdrawBalance()->withdrawBalance()->transfer(address,uint256)"}
{"level":"info","message":"1674305235.261:reentrancy:transfer(address,uint256)->withdrawBalance()->withdrawBalance()->withdrawBalance()->withdrawBalance()->transfer(address,uint256)"}
{"level":"info","message":"1674305235.296:reentrancy:transfer(address,uint256)->withdrawBalance()->withdrawBalance()->withdrawBalance()->withdrawBalance()->transfer(address,uint256)"}
{"level":"info","message":"1674305238.658:reentrancy:transfer(address,uint256)->withdrawBalance()->withdrawBalance()->withdrawBalance()"}
{"level":"info","message":"1674305238.705:reentrancy:transfer(address,uint256)->withdrawBalance()->withdrawBalance()->withdrawBalance()"}
{"level":"info","message":"1674305238.746:reentrancy:transfer(address,uint256)->withdrawBalance()->withdrawBalance()->withdrawBalance()"}
{"level":"info","message":"1674305242.092:reentrancy:transfer(address,uint256)->withdrawBalance()->withdrawBalance()->withdrawBalance()->withdrawBalance()"}
{"level":"info","message":"1674305242.132:reentrancy:transfer(address,uint256)->withdrawBalance()->withdrawBalance()->withdrawBalance()->withdrawBalance()"}
{"level":"info","message":"1674305242.182:reentrancy:transfer(address,uint256)->withdrawBalance()->withdrawBalance()->withdrawBalance()->withdrawBalance()"}
{"level":"info","message":"1674305242.242:reentrancy:transfer(address,uint256)->withdrawBalance()->withdrawBalance()->withdrawBalance()->withdrawBalance()"}
{"level":"info","message":"1674305245.668:reentrancy:transfer(address,uint256)->transfer(address,uint256)->withdrawBalance()->withdrawBalance()->withdrawBalance()->withdrawBalance()"}
{"level":"info","message":"1674305245.706:reentrancy:transfer(address,uint256)->transfer(address,uint256)->withdrawBalance()->withdrawBalance()->withdrawBalance()->withdrawBalance()"}
{"level":"info","message":"1674305245.746:reentrancy:transfer(address,uint256)->transfer(address,uint256)->withdrawBalance()->withdrawBalance()->withdrawBalance()->withdrawBalance()"}
{"level":"info","message":"1674305245.804:reentrancy:transfer(address,uint256)->transfer(address,uint256)->withdrawBalance()->withdrawBalance()->withdrawBalance()->withdrawBalance()"}
{"level":"info","message":"1674305249.22:reentrancy:transfer(address,uint256)->withdrawBalance()->withdrawBalance()->transfer(address,uint256)->withdrawBalance()"}
{"level":"info","message":"1674305249.259:reentrancy:transfer(address,uint256)->withdrawBalance()->withdrawBalance()->transfer(address,uint256)->withdrawBalance()"}
{"level":"info","message":"1674305249.289:reentrancy:transfer(address,uint256)->withdrawBalance()->withdrawBalance()->transfer(address,uint256)->withdrawBalance()"}
{"level":"info","message":"1674305249.333:reentrancy:transfer(address,uint256)->withdrawBalance()->withdrawBalance()->transfer(address,uint256)->withdrawBalance()"}
{"level":"info","message":"1674305252.628:reentrancy:transfer(address,uint256)->withdrawBalance()->withdrawBalance()->transfer(address,uint256)->withdrawBalance()->withdrawBalance()"}
{"level":"info","message":"1674305252.667:reentrancy:transfer(address,uint256)->withdrawBalance()->withdrawBalance()->transfer(address,uint256)->withdrawBalance()->withdrawBalance()"}
{"level":"info","message":"1674305252.696:reentrancy:transfer(address,uint256)->withdrawBalance()->withdrawBalance()->transfer(address,uint256)->withdrawBalance()->withdrawBalance()"}
{"level":"info","message":"1674305252.739:reentrancy:transfer(address,uint256)->withdrawBalance()->withdrawBalance()->transfer(address,uint256)->withdrawBalance()->withdrawBalance()"}
{"level":"info","message":"1674305252.778:reentrancy:transfer(address,uint256)->withdrawBalance()->withdrawBalance()->transfer(address,uint256)->withdrawBalance()->withdrawBalance()"}
{"level":"info","message":"1674305256.115:reentrancy:transfer(address,uint256)->withdrawBalance()->withdrawBalance()->transfer(address,uint256)->withdrawBalance()->withdrawBalance()"}
{"level":"info","message":"1674305256.159:reentrancy:transfer(address,uint256)->withdrawBalance()->withdrawBalance()->transfer(address,uint256)->withdrawBalance()->withdrawBalance()"}
{"level":"info","message":"1674305256.188:reentrancy:transfer(address,uint256)->withdrawBalance()->withdrawBalance()->transfer(address,uint256)->withdrawBalance()->withdrawBalance()"}
{"level":"info","message":"1674305256.241:reentrancy:transfer(address,uint256)->withdrawBalance()->withdrawBalance()->transfer(address,uint256)->withdrawBalance()->withdrawBalance()"}
{"level":"info","message":"1674305256.288:reentrancy:transfer(address,uint256)->withdrawBalance()->withdrawBalance()->transfer(address,uint256)->withdrawBalance()->withdrawBalance()"}
{"level":"info","message":"contracts/reentrancy_simple.sol/Reentrance:start: 1674305256.299"}
{"level":"info","message":"contracts/reentrancy_simple.sol/Reentrance:start: 1674305397.867"}
{"level":"info","message":"1674305471.037:reentrancy:addToBalance()->addToBalance()->withdrawBalance()"}
{"level":"info","message":"1674305474.114:reentrancy:addToBalance()->withdrawBalance()->addToBalance()->withdrawBalance()"}
{"level":"info","message":"1674305474.145:reentrancy:addToBalance()->withdrawBalance()->addToBalance()->withdrawBalance()"}
{"level":"info","message":"1674305474.2:reentrancy:addToBalance()->withdrawBalance()->addToBalance()->withdrawBalance()"}
{"level":"info","message":"1674305477.321:reentrancy:addToBalance()->withdrawBalance()->addToBalance()->withdrawBalance()"}
{"level":"info","message":"1674305477.355:reentrancy:addToBalance()->withdrawBalance()->addToBalance()->withdrawBalance()"}
{"level":"info","message":"1674305477.415:reentrancy:addToBalance()->withdrawBalance()->addToBalance()->withdrawBalance()"}
{"level":"info","message":"1674305480.478:reentrancy:addToBalance()->withdrawBalance()->addToBalance()->withdrawBalance()"}
{"level":"info","message":"1674305480.525:reentrancy:addToBalance()->withdrawBalance()->addToBalance()->withdrawBalance()"}
{"level":"info","message":"1674305480.579:reentrancy:addToBalance()->withdrawBalance()->addToBalance()->withdrawBalance()"}
{"level":"info","message":"1674305483.825:reentrancy:addToBalance()->withdrawBalance()->addToBalance()->withdrawBalance()->withdrawBalance()"}
{"level":"info","message":"1674305483.869:reentrancy:addToBalance()->withdrawBalance()->addToBalance()->withdrawBalance()->withdrawBalance()"}
{"level":"info","message":"1674305483.924:reentrancy:addToBalance()->withdrawBalance()->addToBalance()->withdrawBalance()->withdrawBalance()"}
{"level":"info","message":"1674305483.964:reentrancy:addToBalance()->withdrawBalance()->addToBalance()->withdrawBalance()->withdrawBalance()"}
{"level":"info","message":"1674305487.173:reentrancy:addToBalance()->withdrawBalance()->addToBalance()->withdrawBalance()->withdrawBalance()"}
{"level":"info","message":"1674305487.214:reentrancy:addToBalance()->withdrawBalance()->addToBalance()->withdrawBalance()->withdrawBalance()"}
{"level":"info","message":"1674305487.265:reentrancy:addToBalance()->withdrawBalance()->addToBalance()->withdrawBalance()->withdrawBalance()"}
{"level":"info","message":"1674305487.313:reentrancy:addToBalance()->withdrawBalance()->addToBalance()->withdrawBalance()->withdrawBalance()"}
{"level":"info","message":"1674305490.592:reentrancy:addToBalance()->withdrawBalance()->withdrawBalance()->withdrawBalance()"}
{"level":"info","message":"1674305490.635:reentrancy:addToBalance()->withdrawBalance()->withdrawBalance()->withdrawBalance()"}
{"level":"info","message":"1674305490.689:reentrancy:addToBalance()->withdrawBalance()->withdrawBalance()->withdrawBalance()"}
{"level":"info","message":"1674305493.851:reentrancy:addToBalance()->withdrawBalance()->withdrawBalance()->withdrawBalance()"}
{"level":"info","message":"1674305493.907:reentrancy:addToBalance()->withdrawBalance()->withdrawBalance()->withdrawBalance()"}
{"level":"info","message":"1674305493.959:reentrancy:addToBalance()->withdrawBalance()->withdrawBalance()->withdrawBalance()"}
{"level":"info","message":"1674305497.02:reentrancy:addToBalance()->withdrawBalance()->withdrawBalance()->withdrawBalance()"}
{"level":"info","message":"1674305497.057:reentrancy:addToBalance()->withdrawBalance()->withdrawBalance()->withdrawBalance()"}
{"level":"info","message":"1674305497.105:reentrancy:addToBalance()->withdrawBalance()->withdrawBalance()->withdrawBalance()"}
{"level":"info","message":"1674305500.248:reentrancy:addToBalance()->withdrawBalance()->withdrawBalance()->withdrawBalance()"}
{"level":"info","message":"1674305500.286:reentrancy:addToBalance()->withdrawBalance()->withdrawBalance()->withdrawBalance()"}
{"level":"info","message":"1674305500.327:reentrancy:addToBalance()->withdrawBalance()->withdrawBalance()->withdrawBalance()"}
{"level":"info","message":"1674305503.373:reentrancy:addToBalance()->withdrawBalance()->withdrawBalance()->withdrawBalance()->withdrawBalance()"}
{"level":"info","message":"1674305503.411:reentrancy:addToBalance()->withdrawBalance()->withdrawBalance()->withdrawBalance()->withdrawBalance()"}
{"level":"info","message":"1674305503.453:reentrancy:addToBalance()->withdrawBalance()->withdrawBalance()->withdrawBalance()->withdrawBalance()"}
{"level":"info","message":"1674305503.491:reentrancy:addToBalance()->withdrawBalance()->withdrawBalance()->withdrawBalance()->withdrawBalance()"}
{"level":"info","message":"1674305506.672:reentrancy:addToBalance()->withdrawBalance()->withdrawBalance()->withdrawBalance()->withdrawBalance()"}
{"level":"info","message":"1674305506.723:reentrancy:addToBalance()->withdrawBalance()->withdrawBalance()->withdrawBalance()->withdrawBalance()"}
{"level":"info","message":"1674305506.761:reentrancy:addToBalance()->withdrawBalance()->withdrawBalance()->withdrawBalance()->withdrawBalance()"}
{"level":"info","message":"1674305506.814:reentrancy:addToBalance()->withdrawBalance()->withdrawBalance()->withdrawBalance()->withdrawBalance()"}
{"level":"info","message":"1674305510.11:reentrancy:addToBalance()->withdrawBalance()->withdrawBalance()->withdrawBalance()->withdrawBalance()"}
{"level":"info","message":"1674305510.152:reentrancy:addToBalance()->withdrawBalance()->withdrawBalance()->withdrawBalance()->withdrawBalance()"}
{"level":"info","message":"1674305510.198:reentrancy:addToBalance()->withdrawBalance()->withdrawBalance()->withdrawBalance()->withdrawBalance()"}
{"level":"info","message":"1674305510.245:reentrancy:addToBalance()->withdrawBalance()->withdrawBalance()->withdrawBalance()->withdrawBalance()"}
{"level":"info","message":"1674305513.408:reentrancy:addToBalance()->withdrawBalance()->withdrawBalance()->withdrawBalance()"}
{"level":"info","message":"1674305513.45:reentrancy:addToBalance()->withdrawBalance()->withdrawBalance()->withdrawBalance()"}
{"level":"info","message":"1674305513.488:reentrancy:addToBalance()->withdrawBalance()->withdrawBalance()->withdrawBalance()"}
{"level":"info","message":"1674305516.495:reentrancy:addToBalance()->withdrawBalance()->withdrawBalance()"}
{"level":"info","message":"1674305516.537:reentrancy:addToBalance()->withdrawBalance()->withdrawBalance()"}
{"level":"info","message":"1674305519.479:reentrancy:addToBalance()->withdrawBalance()"}
{"level":"info","message":"1674305522.473:reentrancy:addToBalance()->withdrawBalance()"}
{"level":"info","message":"1674305525.65:reentrancy:addToBalance()->withdrawBalance()"}
{"level":"info","message":"1674305528.71:reentrancy:addToBalance()->withdrawBalance()->withdrawBalance()"}
{"level":"info","message":"1674305528.751:reentrancy:addToBalance()->withdrawBalance()->withdrawBalance()"}
{"level":"info","message":"1674305531.829:reentrancy:addToBalance()->withdrawBalance()->withdrawBalance()->withdrawBalance()->withdrawBalance()"}
{"level":"info","message":"1674305531.867:reentrancy:addToBalance()->withdrawBalance()->withdrawBalance()->withdrawBalance()->withdrawBalance()"}
{"level":"info","message":"1674305531.907:reentrancy:addToBalance()->withdrawBalance()->withdrawBalance()->withdrawBalance()->withdrawBalance()"}
{"level":"info","message":"1674305531.947:reentrancy:addToBalance()->withdrawBalance()->withdrawBalance()->withdrawBalance()->withdrawBalance()"}
{"level":"info","message":"1674305535.088:reentrancy:addToBalance()->withdrawBalance()->withdrawBalance()->withdrawBalance()->withdrawBalance()"}
{"level":"info","message":"1674305535.147:reentrancy:addToBalance()->withdrawBalance()->withdrawBalance()->withdrawBalance()->withdrawBalance()"}
{"level":"info","message":"1674305535.185:reentrancy:addToBalance()->withdrawBalance()->withdrawBalance()->withdrawBalance()->withdrawBalance()"}
{"level":"info","message":"1674305535.223:reentrancy:addToBalance()->withdrawBalance()->withdrawBalance()->withdrawBalance()->withdrawBalance()"}
{"level":"info","message":"1674305538.342:reentrancy:addToBalance()->withdrawBalance()->withdrawBalance()->withdrawBalance()->withdrawBalance()"}
{"level":"info","message":"1674305538.38:reentrancy:addToBalance()->withdrawBalance()->withdrawBalance()->withdrawBalance()->withdrawBalance()"}
{"level":"info","message":"1674305538.415:reentrancy:addToBalance()->withdrawBalance()->withdrawBalance()->withdrawBalance()->withdrawBalance()"}
{"level":"info","message":"1674305538.455:reentrancy:addToBalance()->withdrawBalance()->withdrawBalance()->withdrawBalance()->withdrawBalance()"}
{"level":"info","message":"1674305541.456:reentrancy:addToBalance()->withdrawBalance()->withdrawBalance()->withdrawBalance()->withdrawBalance()"}
{"level":"info","message":"1674305541.497:reentrancy:addToBalance()->withdrawBalance()->withdrawBalance()->withdrawBalance()->withdrawBalance()"}
{"level":"info","message":"1674305541.532:reentrancy:addToBalance()->withdrawBalance()->withdrawBalance()->withdrawBalance()->withdrawBalance()"}
{"level":"info","message":"1674305541.588:reentrancy:addToBalance()->withdrawBalance()->withdrawBalance()->withdrawBalance()->withdrawBalance()"}
{"level":"info","message":"1674305544.878:reentrancy:addToBalance()->addToBalance()->withdrawBalance()->withdrawBalance()->withdrawBalance()"}
{"level":"info","message":"1674305544.922:reentrancy:addToBalance()->addToBalance()->withdrawBalance()->withdrawBalance()->withdrawBalance()"}
{"level":"info","message":"1674305544.964:reentrancy:addToBalance()->addToBalance()->withdrawBalance()->withdrawBalance()->withdrawBalance()"}
{"level":"info","message":"1674305548.206:reentrancy:addToBalance()->addToBalance()->withdrawBalance()->withdrawBalance()"}
{"level":"info","message":"1674305548.249:reentrancy:addToBalance()->addToBalance()->withdrawBalance()->withdrawBalance()"}
{"level":"info","message":"1674305551.455:reentrancy:addToBalance()->addToBalance()->withdrawBalance()->withdrawBalance()"}
{"level":"info","message":"1674305551.5:reentrancy:addToBalance()->addToBalance()->withdrawBalance()->withdrawBalance()"}
{"level":"info","message":"1674305554.774:reentrancy:addToBalance()->addToBalance()->addToBalance()->withdrawBalance()->withdrawBalance()->withdrawBalance()"}
{"level":"info","message":"1674305554.814:reentrancy:addToBalance()->addToBalance()->addToBalance()->withdrawBalance()->withdrawBalance()->withdrawBalance()"}
{"level":"info","message":"1674305554.854:reentrancy:addToBalance()->addToBalance()->addToBalance()->withdrawBalance()->withdrawBalance()->withdrawBalance()"}
{"level":"info","message":"1674305558.251:reentrancy:addToBalance()->addToBalance()->addToBalance()->withdrawBalance()->withdrawBalance()->withdrawBalance()"}
{"level":"info","message":"1674305558.289:reentrancy:addToBalance()->addToBalance()->addToBalance()->withdrawBalance()->withdrawBalance()->withdrawBalance()"}
{"level":"info","message":"1674305558.33:reentrancy:addToBalance()->addToBalance()->addToBalance()->withdrawBalance()->withdrawBalance()->withdrawBalance()"}
{"level":"info","message":"1674305561.669:reentrancy:addToBalance()->addToBalance()->addToBalance()->withdrawBalance()->withdrawBalance()->withdrawBalance()"}
{"level":"info","message":"1674305561.709:reentrancy:addToBalance()->addToBalance()->addToBalance()->withdrawBalance()->withdrawBalance()->withdrawBalance()"}
{"level":"info","message":"1674305561.748:reentrancy:addToBalance()->addToBalance()->addToBalance()->withdrawBalance()->withdrawBalance()->withdrawBalance()"}
{"level":"info","message":"1674305565.323:reentrancy:addToBalance()->addToBalance()->addToBalance()->withdrawBalance()->withdrawBalance()->withdrawBalance()"}
{"level":"info","message":"1674305565.359:reentrancy:addToBalance()->addToBalance()->addToBalance()->withdrawBalance()->withdrawBalance()->withdrawBalance()"}
{"level":"info","message":"1674305565.398:reentrancy:addToBalance()->addToBalance()->addToBalance()->withdrawBalance()->withdrawBalance()->withdrawBalance()"}
{"level":"info","message":"1674305568.753:reentrancy:addToBalance()->addToBalance()->addToBalance()->withdrawBalance()->withdrawBalance()->withdrawBalance()"}
{"level":"info","message":"1674305568.794:reentrancy:addToBalance()->addToBalance()->addToBalance()->withdrawBalance()->withdrawBalance()->withdrawBalance()"}
{"level":"info","message":"1674305568.833:reentrancy:addToBalance()->addToBalance()->addToBalance()->withdrawBalance()->withdrawBalance()->withdrawBalance()"}
{"level":"info","message":"1674305572.204:reentrancy:addToBalance()->addToBalance()->addToBalance()->withdrawBalance()->withdrawBalance()->withdrawBalance()->withdrawBalance()"}
{"level":"info","message":"1674305572.241:reentrancy:addToBalance()->addToBalance()->addToBalance()->withdrawBalance()->withdrawBalance()->withdrawBalance()->withdrawBalance()"}
{"level":"info","message":"1674305572.286:reentrancy:addToBalance()->addToBalance()->addToBalance()->withdrawBalance()->withdrawBalance()->withdrawBalance()->withdrawBalance()"}
{"level":"info","message":"1674305572.322:reentrancy:addToBalance()->addToBalance()->addToBalance()->withdrawBalance()->withdrawBalance()->withdrawBalance()->withdrawBalance()"}
{"level":"info","message":"1674305575.654:reentrancy:addToBalance()->addToBalance()->addToBalance()->withdrawBalance()->withdrawBalance()->withdrawBalance()"}
{"level":"info","message":"1674305575.703:reentrancy:addToBalance()->addToBalance()->addToBalance()->withdrawBalance()->withdrawBalance()->withdrawBalance()"}
{"level":"info","message":"1674305575.747:reentrancy:addToBalance()->addToBalance()->addToBalance()->withdrawBalance()->withdrawBalance()->withdrawBalance()"}
{"level":"info","message":"1674305579.03:reentrancy:addToBalance()->addToBalance()->withdrawBalance()->withdrawBalance()->withdrawBalance()->addToBalance()"}
{"level":"info","message":"1674305579.07:reentrancy:addToBalance()->addToBalance()->withdrawBalance()->withdrawBalance()->withdrawBalance()->addToBalance()"}
{"level":"info","message":"1674305579.117:reentrancy:addToBalance()->addToBalance()->withdrawBalance()->withdrawBalance()->withdrawBalance()->addToBalance()"}
{"level":"info","message":"1674305579.155:reentrancy:addToBalance()->addToBalance()->withdrawBalance()->withdrawBalance()->withdrawBalance()->addToBalance()"}
{"level":"info","message":"1674305582.551:reentrancy:addToBalance()->addToBalance()->withdrawBalance()->withdrawBalance()->withdrawBalance()->addToBalance()"}
{"level":"info","message":"1674305582.589:reentrancy:addToBalance()->addToBalance()->withdrawBalance()->withdrawBalance()->withdrawBalance()->addToBalance()"}
{"level":"info","message":"1674305582.624:reentrancy:addToBalance()->addToBalance()->withdrawBalance()->withdrawBalance()->withdrawBalance()->addToBalance()"}
{"level":"info","message":"1674305582.66:reentrancy:addToBalance()->addToBalance()->withdrawBalance()->withdrawBalance()->withdrawBalance()->addToBalance()"}
{"level":"info","message":"1674305585.956:reentrancy:addToBalance()->addToBalance()->withdrawBalance()->withdrawBalance()->withdrawBalance()"}
{"level":"info","message":"1674305585.996:reentrancy:addToBalance()->addToBalance()->withdrawBalance()->withdrawBalance()->withdrawBalance()"}
{"level":"info","message":"1674305586.031:reentrancy:addToBalance()->addToBalance()->withdrawBalance()->withdrawBalance()->withdrawBalance()"}
{"level":"info","message":"1674305589.248:reentrancy:addToBalance()->addToBalance()->withdrawBalance()->withdrawBalance()"}
{"level":"info","message":"1674305589.303:reentrancy:addToBalance()->addToBalance()->withdrawBalance()->withdrawBalance()"}
{"level":"info","message":"1674305592.655:reentrancy:addToBalance()->withdrawBalance()->withdrawBalance()"}
{"level":"info","message":"1674305592.696:reentrancy:addToBalance()->withdrawBalance()->withdrawBalance()"}
{"level":"info","message":"1674305595.941:reentrancy:addToBalance()->withdrawBalance()"}
{"level":"info","message":"contracts/reentrancyDAO.sol/ReentrancyDAO:start: 1674305595.945"}
{"level":"info","message":"contracts/reentrancyDAO.sol/ReentrancyDAO:start: 1674305794.673"}
{"level":"info","message":"1674305863.586:reentrancy:deposit()->withdrawAll()->deposit()"}
{"level":"info","message":"1674305863.625:reentrancy:deposit()->withdrawAll()->deposit()"}
{"level":"info","message":"1674305866.657:reentrancy:deposit()->deposit()->deposit()->withdrawAll()"}
{"level":"info","message":"1674305869.837:reentrancy:deposit()->deposit()->withdrawAll()->withdrawAll()"}
{"level":"info","message":"1674305869.867:reentrancy:deposit()->deposit()->withdrawAll()->withdrawAll()"}
{"level":"info","message":"1674305872.906:reentrancy:deposit()->withdrawAll()->deposit()->withdrawAll()"}
{"level":"info","message":"1674305872.941:reentrancy:deposit()->withdrawAll()->deposit()->withdrawAll()"}
{"level":"info","message":"1674305872.984:reentrancy:deposit()->withdrawAll()->deposit()->withdrawAll()"}
{"level":"info","message":"1674305876.225:reentrancy:deposit()->withdrawAll()->deposit()->withdrawAll()"}
{"level":"info","message":"1674305876.263:reentrancy:deposit()->withdrawAll()->deposit()->withdrawAll()"}
{"level":"info","message":"1674305876.297:reentrancy:deposit()->withdrawAll()->deposit()->withdrawAll()"}
{"level":"info","message":"1674305879.429:reentrancy:deposit()->withdrawAll()->deposit()->withdrawAll()"}
{"level":"info","message":"1674305879.461:reentrancy:deposit()->withdrawAll()->deposit()->withdrawAll()"}
{"level":"info","message":"1674305879.496:reentrancy:deposit()->withdrawAll()->deposit()->withdrawAll()"}
{"level":"info","message":"1674305882.704:reentrancy:deposit()->withdrawAll()->withdrawAll()"}
{"level":"info","message":"1674305882.736:reentrancy:deposit()->withdrawAll()->withdrawAll()"}
{"level":"info","message":"1674305923.919:reentrancy:deposit()->deposit()->withdrawAll()->deposit()"}
{"level":"info","message":"1674305923.956:reentrancy:deposit()->deposit()->withdrawAll()->deposit()"}
{"level":"info","message":"1674305927.065:reentrancy:deposit()->deposit()->withdrawAll()->deposit()"}
{"level":"info","message":"1674305927.099:reentrancy:deposit()->deposit()->withdrawAll()->deposit()"}
{"level":"info","message":"1674305930.188:reentrancy:deposit()->deposit()->withdrawAll()->withdrawAll()->deposit()"}
{"level":"info","message":"1674305930.221:reentrancy:deposit()->deposit()->withdrawAll()->withdrawAll()->deposit()"}
{"level":"info","message":"1674305930.249:reentrancy:deposit()->deposit()->withdrawAll()->withdrawAll()->deposit()"}
{"level":"info","message":"1674305933.431:reentrancy:deposit()->withdrawAll()->deposit()->withdrawAll()->deposit()"}
{"level":"info","message":"1674305933.464:reentrancy:deposit()->withdrawAll()->deposit()->withdrawAll()->deposit()"}
{"level":"info","message":"1674305933.5:reentrancy:deposit()->withdrawAll()->deposit()->withdrawAll()->deposit()"}
{"level":"info","message":"1674305933.536:reentrancy:deposit()->withdrawAll()->deposit()->withdrawAll()->deposit()"}
{"level":"info","message":"1674305936.618:reentrancy:deposit()->withdrawAll()->deposit()->deposit()"}
{"level":"info","message":"1674305936.652:reentrancy:deposit()->withdrawAll()->deposit()->deposit()"}
{"level":"info","message":"1674305936.68:reentrancy:deposit()->withdrawAll()->deposit()->deposit()"}
{"level":"info","message":"1674305939.804:reentrancy:deposit()->withdrawAll()->withdrawAll()->deposit()->deposit()"}
{"level":"info","message":"1674305939.839:reentrancy:deposit()->withdrawAll()->withdrawAll()->deposit()->deposit()"}
{"level":"info","message":"1674305939.872:reentrancy:deposit()->withdrawAll()->withdrawAll()->deposit()->deposit()"}
{"level":"info","message":"1674305939.904:reentrancy:deposit()->withdrawAll()->withdrawAll()->deposit()->deposit()"}
{"level":"info","message":"1674305943.12:reentrancy:deposit()->withdrawAll()->withdrawAll()->deposit()->deposit()"}
{"level":"info","message":"1674305943.148:reentrancy:deposit()->withdrawAll()->withdrawAll()->deposit()->deposit()"}
{"level":"info","message":"1674305943.195:reentrancy:deposit()->withdrawAll()->withdrawAll()->deposit()->deposit()"}
{"level":"info","message":"1674305943.229:reentrancy:deposit()->withdrawAll()->withdrawAll()->deposit()->deposit()"}
{"level":"info","message":"1674305946.426:reentrancy:deposit()->withdrawAll()->withdrawAll()->deposit()->deposit()"}
{"level":"info","message":"1674305946.453:reentrancy:deposit()->withdrawAll()->withdrawAll()->deposit()->deposit()"}
{"level":"info","message":"1674305946.487:reentrancy:deposit()->withdrawAll()->withdrawAll()->deposit()->deposit()"}
{"level":"info","message":"1674305946.515:reentrancy:deposit()->withdrawAll()->withdrawAll()->deposit()->deposit()"}
{"level":"info","message":"1674305949.83:reentrancy:deposit()->deposit()->withdrawAll()->withdrawAll()->deposit()"}
{"level":"info","message":"1674305949.857:reentrancy:deposit()->deposit()->withdrawAll()->withdrawAll()->deposit()"}
{"level":"info","message":"1674305949.898:reentrancy:deposit()->deposit()->withdrawAll()->withdrawAll()->deposit()"}
{"level":"info","message":"1674305953.206:reentrancy:deposit()->deposit()->withdrawAll()->withdrawAll()->deposit()"}
{"level":"info","message":"1674305953.234:reentrancy:deposit()->deposit()->withdrawAll()->withdrawAll()->deposit()"}
{"level":"info","message":"1674305953.261:reentrancy:deposit()->deposit()->withdrawAll()->withdrawAll()->deposit()"}
{"level":"info","message":"1674305956.393:reentrancy:deposit()->deposit()->withdrawAll()->withdrawAll()->deposit()"}
{"level":"info","message":"1674305956.42:reentrancy:deposit()->deposit()->withdrawAll()->withdrawAll()->deposit()"}
{"level":"info","message":"1674305956.449:reentrancy:deposit()->deposit()->withdrawAll()->withdrawAll()->deposit()"}
{"level":"info","message":"1674305959.754:reentrancy:deposit()->deposit()->withdrawAll()->withdrawAll()->deposit()"}
{"level":"info","message":"1674305959.784:reentrancy:deposit()->deposit()->withdrawAll()->withdrawAll()->deposit()"}
{"level":"info","message":"1674305959.83:reentrancy:deposit()->deposit()->withdrawAll()->withdrawAll()->deposit()"}
{"level":"info","message":"1674305963.065:reentrancy:deposit()->deposit()->withdrawAll()->withdrawAll()"}
{"level":"info","message":"1674305963.098:reentrancy:deposit()->deposit()->withdrawAll()->withdrawAll()"}
{"level":"info","message":"1674305966.335:reentrancy:deposit()->withdrawAll()->deposit()"}
{"level":"info","message":"1674305966.366:reentrancy:deposit()->withdrawAll()->deposit()"}
{"level":"info","message":"1674305969.657:reentrancy:deposit()->deposit()->withdrawAll()->deposit()"}
{"level":"info","message":"1674305969.699:reentrancy:deposit()->deposit()->withdrawAll()->deposit()"}
{"level":"info","message":"1674305972.971:reentrancy:deposit()->deposit()->withdrawAll()"}
{"level":"info","message":"1674305976.384:reentrancy:deposit()->deposit()->deposit()->withdrawAll()"}
{"level":"info","message":"contracts/simpleDAO.sol/SimpleDAO:start: 1674305982.925"}
{"level":"info","message":"1674305995.862:reentrancy:donate(address)->withdraw(uint256)"}
{"level":"info","message":"contracts/simpleDAO.sol/SimpleDAO:start: 1674306148.394"}
{"level":"info","message":"1674306177.62:reentrancy:donate(address)->withdraw(uint256)"}
{"level":"info","message":"1674306180.494:reentrancy:donate(address)->withdraw(uint256)"}
{"level":"info","message":"1674306288.144:reentrancy:donate(address)->donate(address)->donate(address)->withdraw(uint256)"}
{"level":"info","message":"contracts/spank_chain.sol/ECTools:start: 1674306326.072"}
{"level":"info","message":"contracts/spank_chain.sol/ECTools:start: 1674306568.445"}
